<?xml version="1.0" encoding="UTF-8"?>
<!-- Generated by org.testng.reporters.JUnitReportReporter -->
<testsuite hostname="AMALRAJUEDE5" failures="0" tests="5" name="com.test.classes.FillingFormTest" time="0.408" errors="1" timestamp="2022-01-04T22:57:12 IST" skipped="4">
  <testcase classname="com.test.classes.FillingFormTest" name="InvokeBrowser" time="0.408">
    <error message="Cannot invoke &quot;String.equalsIgnoreCase(String)&quot; because &quot;browsername&quot; is null" type="java.lang.NullPointerException">
      <![CDATA[java.lang.NullPointerException: Cannot invoke "String.equalsIgnoreCase(String)" because "browsername" is null
at com.base.classes.BaseClass.validateBrowser(BaseClass.java:37)
at com.test.classes.FillingFormTest.InvokeBrowser(FillingFormTest.java:59)
at java.base/jdk.internal.reflect.NativeMethodAccessorImpl.invoke0(Native Method)
at java.base/jdk.internal.reflect.NativeMethodAccessorImpl.invoke(NativeMethodAccessorImpl.java:77)
at java.base/jdk.internal.reflect.DelegatingMethodAccessorImpl.invoke(DelegatingMethodAccessorImpl.java:43)
at java.base/java.lang.reflect.Method.invoke(Method.java:568)
at org.testng.internal.MethodInvocationHelper.invokeMethod(MethodInvocationHelper.java:132)
at org.testng.internal.MethodInvocationHelper.invokeMethodConsideringTimeout(MethodInvocationHelper.java:61)
at org.testng.internal.ConfigInvoker.invokeConfigurationMethod(ConfigInvoker.java:366)
at org.testng.internal.ConfigInvoker.invokeConfigurations(ConfigInvoker.java:320)
at org.testng.internal.TestMethodWorker.invokeBeforeClassMethods(TestMethodWorker.java:176)
at org.testng.internal.TestMethodWorker.run(TestMethodWorker.java:122)
at java.base/java.util.ArrayList.forEach(ArrayList.java:1511)
at org.testng.TestRunner.privateRun(TestRunner.java:764)
at org.testng.TestRunner.run(TestRunner.java:585)
at org.testng.SuiteRunner.runTest(SuiteRunner.java:384)
at org.testng.SuiteRunner.runSequentially(SuiteRunner.java:378)
at org.testng.SuiteRunner.privateRun(SuiteRunner.java:337)
at org.testng.SuiteRunner.run(SuiteRunner.java:286)
at org.testng.SuiteRunnerWorker.runSuite(SuiteRunnerWorker.java:53)
at org.testng.SuiteRunnerWorker.run(SuiteRunnerWorker.java:96)
at org.testng.TestNG.runSuitesSequentially(TestNG.java:1218)
at org.testng.TestNG.runSuitesLocally(TestNG.java:1140)
at org.testng.TestNG.runSuites(TestNG.java:1069)
at org.testng.TestNG.run(TestNG.java:1037)
at org.testng.remote.AbstractRemoteTestNG.run(AbstractRemoteTestNG.java:115)
at org.testng.remote.RemoteTestNG.initAndRun(RemoteTestNG.java:251)
at org.testng.remote.RemoteTestNG.main(RemoteTestNG.java:77)
]]>
    </error>
  </testcase> <!-- InvokeBrowser -->
  <system-out/>
  <testcase classname="com.test.classes.FillingFormTest" name="clickForEnterpriseTest" time="0.000">
    <skipped/>
  </testcase> <!-- clickForEnterpriseTest -->
  <system-out/>
  <testcase classname="com.test.classes.FillingFormTest" name="openFormTest" time="0.000">
    <skipped/>
  </testcase> <!-- openFormTest -->
  <system-out/>
  <testcase classname="com.test.classes.FillingFormTest" name="getDetailsTest" time="0.000">
    <skipped/>
  </testcase> <!-- getDetailsTest -->
  <system-out/>
  <testcase classname="com.test.classes.FillingFormTest" name="setDetailsTest" time="0.000">
    <skipped/>
  </testcase> <!-- setDetailsTest -->
  <system-out/>
</testsuite> <!-- com.test.classes.FillingFormTest -->
